<?xml version="1.0" encoding="UTF-8"?>
<testng-results ignored="0" total="1" passed="1" failed="0" skipped="0">
  <reporter-output>
  </reporter-output>
  <suite started-at="2023-02-22T17:20:37 IST" name="Default suite" finished-at="2023-02-22T17:21:00 IST" duration-ms="23865">
    <groups>
    </groups>
    <test started-at="2023-02-22T17:20:37 IST" name="Default test" finished-at="2023-02-22T17:21:00 IST" duration-ms="23865">
      <class name="testscripts.Script3">
        <test-method is-config="true" signature="classConfiguration()[pri:0, instance:testscripts.Script3@8dbdac1]" started-at="2023-02-22T17:20:37 IST" name="classConfiguration" finished-at="2023-02-22T17:20:37 IST" duration-ms="690" status="PASS">
          <reporter-output>
          </reporter-output>
        </test-method> <!-- classConfiguration -->
        <test-method is-config="true" signature="methodConfiguration()[pri:0, instance:testscripts.Script3@8dbdac1]" started-at="2023-02-22T17:20:37 IST" name="methodConfiguration" finished-at="2023-02-22T17:20:46 IST" duration-ms="8474" status="PASS">
          <reporter-output>
          </reporter-output>
        </test-method> <!-- methodConfiguration -->
        <test-method signature="thirdTest()[pri:0, instance:testscripts.Script3@8dbdac1]" started-at="2023-02-22T17:20:46 IST" name="thirdTest" finished-at="2023-02-22T17:21:00 IST" duration-ms="14179" status="PASS">
          <reporter-output>
          </reporter-output>
        </test-method> <!-- thirdTest -->
        <test-method is-config="true" signature="methodTearDown()[pri:0, instance:testscripts.Script3@8dbdac1]" started-at="2023-02-22T17:21:00 IST" name="methodTearDown" finished-at="2023-02-22T17:21:00 IST" duration-ms="465" status="PASS">
          <reporter-output>
          </reporter-output>
        </test-method> <!-- methodTearDown -->
        <test-method is-config="true" signature="classTearDown()[pri:0, instance:testscripts.Script3@8dbdac1]" started-at="2023-02-22T17:21:00 IST" name="classTearDown" finished-at="2023-02-22T17:21:00 IST" duration-ms="0" status="PASS">
          <reporter-output>
          </reporter-output>
        </test-method> <!-- classTearDown -->
      </class> <!-- testscripts.Script3 -->
    </test> <!-- Default test -->
  </suite> <!-- Default suite -->
</testng-results>
