<?xml version="1.0" encoding="UTF-8"?>
<testng-results ignored="0" total="1" passed="1" failed="0" skipped="0">
  <reporter-output>
  </reporter-output>
  <suite started-at="2023-02-18T00:15:45 IST" name="Default suite" finished-at="2023-02-18T00:16:00 IST" duration-ms="14972">
    <groups>
    </groups>
    <test started-at="2023-02-18T00:15:45 IST" name="Default test" finished-at="2023-02-18T00:16:00 IST" duration-ms="14972">
      <class name="testscripts.fourthTest">
        <test-method is-config="true" signature="classConfiguration()[pri:0, instance:testscripts.fourthTest@402bba4f]" started-at="2023-02-18T00:15:45 IST" name="classConfiguration" finished-at="2023-02-18T00:15:45 IST" duration-ms="542" status="PASS">
          <reporter-output>
          </reporter-output>
        </test-method> <!-- classConfiguration -->
        <test-method is-config="true" signature="methodConfiguration()[pri:0, instance:testscripts.fourthTest@402bba4f]" started-at="2023-02-18T00:15:45 IST" name="methodConfiguration" finished-at="2023-02-18T00:15:51 IST" duration-ms="5680" status="PASS">
          <reporter-output>
          </reporter-output>
        </test-method> <!-- methodConfiguration -->
        <test-method signature="FourthTest()[pri:0, instance:testscripts.fourthTest@402bba4f]" started-at="2023-02-18T00:15:51 IST" name="FourthTest" finished-at="2023-02-18T00:15:59 IST" duration-ms="8318" status="PASS">
          <reporter-output>
          </reporter-output>
        </test-method> <!-- FourthTest -->
        <test-method is-config="true" signature="methodTearDown()[pri:0, instance:testscripts.fourthTest@402bba4f]" started-at="2023-02-18T00:15:59 IST" name="methodTearDown" finished-at="2023-02-18T00:16:00 IST" duration-ms="377" status="PASS">
          <reporter-output>
          </reporter-output>
        </test-method> <!-- methodTearDown -->
        <test-method is-config="true" signature="classTearDown()[pri:0, instance:testscripts.fourthTest@402bba4f]" started-at="2023-02-18T00:16:00 IST" name="classTearDown" finished-at="2023-02-18T00:16:00 IST" duration-ms="0" status="PASS">
          <reporter-output>
          </reporter-output>
        </test-method> <!-- classTearDown -->
      </class> <!-- testscripts.fourthTest -->
    </test> <!-- Default test -->
  </suite> <!-- Default suite -->
</testng-results>
